2025-04-05 23:26:47,968 - INFO - Début de l'analyse des ventes
2025-04-05 23:26:47,980 - INFO - Connexion à la base établie avec succès
2025-04-05 23:26:47,980 - INFO - Calcul des indicateurs terminé
2025-04-05 23:26:47,983 - INFO - Fichier exporté avec succès: C:\Users\maham\PycharmProjects\python\scripts\..\output\top_produits.csv
2025-04-05 23:26:47,983 - INFO - Fichier exporté avec succès: C:\Users\maham\PycharmProjects\python\scripts\..\output\ca_total.csv
2025-04-05 23:26:47,983 - INFO - Analyse terminée avec succès
2025-04-05 23:26:47,983 - INFO - Connexion à la base fermée
2025-04-05 23:30:23,161 - INFO - Début de l'analyse des ventes
2025-04-05 23:30:23,161 - INFO - Connexion à la base établie avec succès
2025-04-05 23:30:23,168 - INFO - Calcul des indicateurs terminé
2025-04-05 23:30:23,171 - INFO - Fichier exporté avec succès: C:\Users\maham\PycharmProjects\python\scripts\..\output\top_produits.csv
2025-04-05 23:30:23,171 - INFO - Fichier exporté avec succès: C:\Users\maham\PycharmProjects\python\scripts\..\output\ca_total.csv
2025-04-05 23:30:23,172 - INFO - Analyse terminée avec succès
2025-04-05 23:30:23,172 - INFO - Connexion à la base fermée
2025-04-05 23:31:35,102 - INFO - Début de l'analyse des ventes
2025-04-05 23:31:35,102 - INFO - Connexion à la base établie avec succès
2025-04-05 23:31:35,105 - INFO - Calcul des indicateurs terminé
2025-04-05 23:31:35,108 - INFO - Fichier exporté avec succès: C:\Users\maham\PycharmProjects\python\scripts\..\output\top_produits.csv
2025-04-05 23:31:35,108 - INFO - Fichier exporté avec succès: C:\Users\maham\PycharmProjects\python\scripts\..\output\ca_total.csv
2025-04-05 23:31:35,109 - INFO - Analyse terminée avec succès
2025-04-05 23:31:35,109 - INFO - Connexion à la base fermée
2025-04-05 23:52:04,876 - INFO - Début de l'analyse des ventes
2025-04-05 23:52:04,877 - INFO - Connexion à la base établie avec succès
2025-04-05 23:52:04,879 - INFO - Calcul des indicateurs terminé
2025-04-05 23:52:04,881 - INFO - Fichier exporté avec succès: C:\Users\maham\PycharmProjects\python\scripts\..\output\top_produits.csv
2025-04-05 23:52:04,882 - INFO - Fichier exporté avec succès: C:\Users\maham\PycharmProjects\python\scripts\..\output\ca_total.csv
2025-04-05 23:52:04,882 - INFO - Analyse terminée avec succès
2025-04-05 23:52:04,882 - INFO - Connexion à la base fermée
2025-04-05 23:56:45,921 - INFO - Début de l'analyse des ventes
2025-04-05 23:56:45,921 - INFO - Connexion à la base établie avec succès
2025-04-05 23:56:45,926 - INFO - Calcul des indicateurs terminé
2025-04-05 23:56:45,926 - INFO - Fichier exporté avec succès: C:\Users\maham\PycharmProjects\python\scripts\..\output\top_produits.csv
2025-04-05 23:56:45,931 - INFO - Fichier exporté avec succès: C:\Users\maham\PycharmProjects\python\scripts\..\output\ca_total.csv
2025-04-05 23:56:45,931 - INFO - Analyse terminée avec succès
2025-04-05 23:56:45,931 - INFO - Connexion à la base fermée
2025-04-05 23:59:37,809 - INFO - Début de l'analyse des ventes
2025-04-05 23:59:37,809 - INFO - Connexion à la base établie avec succès
2025-04-05 23:59:37,809 - INFO - Calcul des indicateurs terminé
2025-04-05 23:59:37,816 - INFO - Fichier exporté avec succès: C:\Users\maham\PycharmProjects\python\scripts\..\output\top_produits.csv
2025-04-05 23:59:37,816 - INFO - Fichier exporté avec succès: C:\Users\maham\PycharmProjects\python\scripts\..\output\ca_total.csv
2025-04-05 23:59:37,816 - INFO - Analyse terminée avec succès
2025-04-05 23:59:37,816 - INFO - Connexion à la base fermée
2025-04-06 00:01:09,950 - INFO - Début de l'analyse des ventes
2025-04-06 00:01:09,950 - INFO - Connexion à la base établie avec succès
2025-04-06 00:01:09,950 - INFO - Calcul des indicateurs terminé
2025-04-06 00:01:09,960 - INFO - Fichier exporté avec succès: C:\Users\maham\PycharmProjects\python\scripts\..\output\top_produits.csv
2025-04-06 00:01:09,960 - INFO - Fichier exporté avec succès: C:\Users\maham\PycharmProjects\python\scripts\..\output\ca_total.csv
2025-04-06 00:01:09,960 - INFO - Analyse terminée avec succès
2025-04-06 00:01:09,960 - INFO - Connexion à la base fermée
2025-04-06 00:03:23,320 - INFO - Début de l'analyse des ventes
2025-04-06 00:03:23,320 - INFO - Connexion à la base établie avec succès
2025-04-06 00:03:23,323 - INFO - Calcul des indicateurs terminé
2025-04-06 00:03:23,323 - INFO - Fichier exporté avec succès: C:\Users\maham\PycharmProjects\python\scripts\..\output\top_produits.csv
2025-04-06 00:03:23,323 - INFO - Fichier exporté avec succès: C:\Users\maham\PycharmProjects\python\scripts\..\output\ca_total.csv
2025-04-06 00:03:23,323 - INFO - Analyse terminée avec succès
2025-04-06 00:03:23,323 - INFO - Connexion à la base fermée
